<?xml version="1.0" encoding="UTF-8"?>
<!-- Generated by org.testng.reporters.JUnitReportReporter -->
<testsuite hostname="DESKTOP-KFPD178" failures="0" tests="1" name="Rest_Assur_Test.CreateDatainInDBPost" time="3.105" errors="0" timestamp="15 Mar 2023 23:52:44 GMT" skipped="0">
  <testcase classname="Rest_Assur_Test.CreateDatainInDBPost" name="CreatedNewRecorinDB" time="3.105"/>
</testsuite> <!-- Rest_Assur_Test.CreateDatainInDBPost -->
