<?xml version="1.0" encoding="UTF-8"?>
<!-- Generated by org.testng.reporters.JUnitReportReporter -->
<testsuite hostname="DESKTOP-KFPD178" failures="0" tests="1" name="Rest_Assur_Test.Delet_Request" time="2.846" errors="0" timestamp="15 Mar 2023 05:38:14 GMT" skipped="0">
  <testcase classname="Rest_Assur_Test.Delet_Request" name="deletEmP_Record" time="2.846"/>
</testsuite> <!-- Rest_Assur_Test.Delet_Request -->
