<?xml version="1.0" encoding="UTF-8"?>
<!-- Generated by org.testng.reporters.JUnitReportReporter -->
<testsuite hostname="DESKTOP-KFPD178" failures="0" tests="1" name="Rest_Assur_Test.Get_Request" time="2.189" errors="0" timestamp="14 Mar 2023 20:52:22 GMT" skipped="0">
  <testcase classname="Rest_Assur_Test.Get_Request" name="getEMPDETAILS" time="2.189"/>
</testsuite> <!-- Rest_Assur_Test.Get_Request -->
