<?xml version="1.0" encoding="UTF-8"?>
<!-- Generated by org.testng.reporters.JUnitReportReporter -->
<testsuite hostname="DESKTOP-KFPD178" failures="0" tests="1" name="Rest_Assur_Test.Post_Method" time="2.871" errors="0" timestamp="15 Mar 2023 05:18:52 GMT" skipped="0">
  <testcase classname="Rest_Assur_Test.Post_Method" name="test_CreatePot" time="2.871"/>
</testsuite> <!-- Rest_Assur_Test.Post_Method -->
