<?xml version="1.0" encoding="UTF-8"?>
<!-- Generated by org.testng.reporters.JUnitReportReporter -->
<testsuite hostname="DESKTOP-KFPD178" failures="0" tests="1" name="Rest_Assur_Test.Test_Class" time="0.010" errors="0" timestamp="14 Mar 2023 05:09:56 GMT" skipped="0">
  <testcase classname="Rest_Assur_Test.Test_Class" name="googleTest" time="0.010"/>
</testsuite> <!-- Rest_Assur_Test.Test_Class -->
